2022-04-16T22:01:27.469440+0300 INFO Отправлен отчёт за всё время
2022-04-16T22:01:27.524782+0300 INFO Отправлен отчёт за неделю
2022-04-16T22:01:27.582196+0300 INFO Отправлен отчёт за всё время
2022-04-16T22:01:27.669923+0300 INFO Отправлен отчёт за неделю
2022-04-16T22:01:48.931957+0300 INFO Отправлен отчёт за неделю
2022-04-16T22:01:49.947113+0300 INFO Отправлен отчёт за всё время
2022-04-16T22:05:02.822902+0300 INFO Отправлен отчёт за неделю
2022-04-16T22:05:48.726826+0300 INFO Отправлен отчёт за неделю
2022-04-16T22:06:54.544885+0300 INFO Отправлен отчёт за неделю
2022-04-16T22:08:59.080971+0300 INFO Добавлена покупка: test 0 руб.
2022-04-16T22:10:30.832302+0300 INFO Необрабатываемое сообщение: ['fdlfmsd', 'kfj', 'sdlfkjs', 'dlkdsj', 'flskdjflsdj', 'ljfs']
2022-04-16T22:10:49.240005+0300 INFO Необрабатываемое сообщение: fdsfsdfsd;k dkl jsfj dkf sjdfj
2022-04-16T22:11:47.032726+0300 INFO Добавлена покупка: test 0 руб.
2022-04-22T14:32:21.284596+0300 INFO Необрабатываемое сообщение: 20 поезд
2022-04-22T14:32:21.292443+0300 INFO Необрабатываемое сообщение: 20 проезд
2022-04-22T14:32:21.300967+0300 INFO Необрабатываемое сообщение: 1200 футболка
2022-04-22T14:32:21.803714+0300 INFO Отправлен отчёт за всё время
2022-04-22T14:32:21.810635+0300 INFO Необрабатываемое сообщение: 65 кола
2022-04-22T14:32:21.815987+0300 INFO Необрабатываемое сообщение: 37 твикс
2022-04-22T14:32:21.821287+0300 INFO Необрабатываемое сообщение: 90 печенье
2022-04-22T14:32:22.324763+0300 INFO Отправлен отчёт за всё время
2022-04-22T14:32:22.330284+0300 INFO Необрабатываемое сообщение: 43 кекс
2022-04-22T14:32:22.334350+0300 INFO Необрабатываемое сообщение: 37 вода
2022-04-22T14:32:22.466609+0300 INFO Отправлен отчёт за всё время
2022-04-22T14:37:39.946035+0300 INFO Добавлена покупка: мясо 20 руб.
2022-04-22T14:37:44.322470+0300 INFO Отправлен отчёт за неделю
2022-04-22T14:37:46.094046+0300 INFO Отправлен отчёт за всё время
2022-04-22T14:38:05.737351+0300 INFO Добавлена покупка: Шорты 1900 руб.
2022-04-22T14:38:34.608657+0300 INFO Отправлен отчёт за всё время
2022-04-22T14:38:44.461893+0300 INFO Добавлена покупка: Миноксидил 1000 руб.
2022-04-22T14:38:54.431324+0300 INFO Добавлена покупка: Блокнот 113 руб.
2022-04-22T14:38:56.978552+0300 INFO Добавлена покупка: Блокнот 1 руб.
2022-04-22T14:39:15.218048+0300 INFO Отправлен отчёт за всё время
2022-04-22T14:39:38.330316+0300 INFO Отправлен отчёт за всё время
2022-04-22T14:40:11.862822+0300 INFO Добавлена покупка: кола 53 руб.
2022-04-22T14:40:16.909463+0300 INFO Добавлена покупка: проезд 40 руб.
2022-04-22T14:40:21.651633+0300 INFO Отправлен отчёт за всё время
2022-04-22T14:41:14.593021+0300 INFO Добавлена покупка: Марс 74 руб.
2022-04-22T14:41:42.948615+0300 INFO Отправлен отчёт за всё время
2022-04-22T14:41:59.570488+0300 INFO Добавлена покупка: Мясо 60 руб.
2022-04-22T14:42:03.717591+0300 INFO Добавлена покупка: Кекс 60 руб.
2022-04-22T14:42:14.361008+0300 INFO Добавлена покупка: Контик 35 руб.
2022-04-22T14:42:16.028472+0300 INFO Добавлена покупка: Вода 40 руб.
2022-04-22T14:42:25.876019+0300 INFO Добавлена покупка: проезд 40 руб.
2022-04-22T14:42:28.177019+0300 INFO Добавлена покупка: футболка 1200 руб.
2022-04-22T14:42:38.696122+0300 INFO Добавлена покупка: кола 65 руб.
2022-04-22T14:42:39.849481+0300 INFO Добавлена покупка: твикс 37 руб.
2022-04-22T14:42:55.442613+0300 INFO Добавлена покупка: печенье 90 руб.
2022-04-22T14:42:56.824064+0300 INFO Добавлена покупка: кекс 43 руб.
2022-04-22T14:42:58.543047+0300 INFO Добавлена покупка: вода 37 руб.
2022-04-22T14:43:09.561192+0300 INFO Отправлен отчёт за всё время
2022-04-22T14:43:48.020490+0300 INFO Файл успешно отправлен
